<?xml version="1.0" encoding="UTF-8"?>
<!-- Generated by org.testng.reporters.JUnitReportReporter -->
<testsuite skipped="0" hostname="xsh-computer" name="com.java.service.PublicMethodCodeServiceTest" tests="1" failures="0" timestamp="16 三月 2018 10:26:28 GMT" time="8.961" errors="0">
  <testcase name="search" time="8.961" classname="com.java.service.PublicMethodCodeServiceTest"/>
</testsuite> <!-- com.java.service.PublicMethodCodeServiceTest -->
